<?xml version="1.0" encoding="UTF-8"?>
<!-- Generated by org.testng.reporters.JUnitReportReporter -->
<testsuite skipped="0" hostname="vicky-PC" name="com.crm.qa.testcases.TaskPageTest" tests="3" failures="0" timestamp="04 May 2018 16:32:39 GMT" time="188.677" errors="0">
  <testcase name="addContactTest" time="108.513" classname="com.crm.qa.testcases.TaskPageTest"/>
  <testcase name="addContactTest" time="37.190" classname="com.crm.qa.testcases.TaskPageTest"/>
  <testcase name="addContactTest" time="42.974" classname="com.crm.qa.testcases.TaskPageTest"/>
</testsuite> <!-- com.crm.qa.testcases.TaskPageTest -->
