<?xml version="1.0" encoding="UTF-8"?>
<!-- Generated by org.testng.reporters.JUnitReportReporter -->
<testsuite skipped="0" hostname="vicky-PC" name="com.crm.qa.testcases.ContactPageTest" tests="3" failures="0" timestamp="04 May 2018 15:35:18 GMT" time="200.479" errors="0">
  <testcase name="addContactTest" time="61.344" classname="com.crm.qa.testcases.ContactPageTest"/>
  <testcase name="addContactTest" time="98.448" classname="com.crm.qa.testcases.ContactPageTest"/>
  <testcase name="addContactTest" time="40.687" classname="com.crm.qa.testcases.ContactPageTest"/>
</testsuite> <!-- com.crm.qa.testcases.ContactPageTest -->
