<?xml version="1.0" encoding="UTF-8"?>
<!-- Generated by org.testng.reporters.JUnitReportReporter -->
<testsuite skipped="0" hostname="vicky-PC" name="com.crm.qa.testcases.LoginPageTest" tests="4" failures="0" timestamp="04 May 2018 06:17:31 GMT" time="128.581" errors="0">
  <testcase name="crmPageTittleTest" time="16.223" classname="com.crm.qa.testcases.LoginPageTest"/>
  <testcase name="crmLogoTest" time="16.806" classname="com.crm.qa.testcases.LoginPageTest"/>
  <testcase name="crmURLTest" time="62.888" classname="com.crm.qa.testcases.LoginPageTest"/>
  <testcase name="loginTest" time="32.664" classname="com.crm.qa.testcases.LoginPageTest"/>
</testsuite> <!-- com.crm.qa.testcases.LoginPageTest -->
