<?xml version="1.0" encoding="UTF-8"?>
<!-- Generated by org.testng.reporters.JUnitReportReporter -->
<testsuite skipped="0" hostname="vicky-PC" name="com.crm.qa.testcases.HomePageTest" tests="2" failures="0" timestamp="30 Apr 2018 04:07:10 GMT" time="77.910" errors="0">
  <testcase name="verifyHomepageTittleTest" time="25.566" classname="com.crm.qa.testcases.HomePageTest"/>
  <testcase name="verifyUserTest" time="52.344" classname="com.crm.qa.testcases.HomePageTest"/>
</testsuite> <!-- com.crm.qa.testcases.HomePageTest -->
