<?xml version="1.0" encoding="UTF-8"?>
<!-- Generated by org.testng.reporters.JUnitReportReporter -->
<testsuite skipped="0" hostname="vicky-PC" name="com.crm.qa.testcases.LoginPageTest" tests="4" failures="0" timestamp="28 Apr 2018 20:58:13 GMT" time="138.608" errors="0">
  <testcase name="crmPageTittleTest" time="23.631" classname="com.crm.qa.testcases.LoginPageTest"/>
  <testcase name="crmLogoTest" time="24.740" classname="com.crm.qa.testcases.LoginPageTest"/>
  <testcase name="crmURLTest" time="14.153" classname="com.crm.qa.testcases.LoginPageTest"/>
  <testcase name="loginTest" time="76.084" classname="com.crm.qa.testcases.LoginPageTest"/>
</testsuite> <!-- com.crm.qa.testcases.LoginPageTest -->
