<?xml version="1.0" encoding="UTF-8"?>
<!-- Generated by org.testng.reporters.JUnitReportReporter -->
<testsuite skipped="0" hostname="vicky-PC" name="com.crm.qa.testcases.HomePageTest" tests="2" failures="0" timestamp="04 May 2018 05:12:39 GMT" time="49.846" errors="0">
  <testcase name="verifyHomepageTittleTest" time="23.353" classname="com.crm.qa.testcases.HomePageTest"/>
  <testcase name="verifyUserTest" time="26.493" classname="com.crm.qa.testcases.HomePageTest"/>
</testsuite> <!-- com.crm.qa.testcases.HomePageTest -->
